Determining if the pthread_create exist failed with the following output:
Change Dir: /home/john/lyy_ws/build/CMakeFiles/CMakeTmp

Run Build Command:"/usr/bin/make" "cmTC_76fff/fast"
/usr/bin/make -f CMakeFiles/cmTC_76fff.dir/build.make CMakeFiles/cmTC_76fff.dir/build
make[1]: Entering directory '/home/john/lyy_ws/build/CMakeFiles/CMakeTmp'
Building C object CMakeFiles/cmTC_76fff.dir/CheckSymbolExists.c.o
/usr/bin/cc     -o CMakeFiles/cmTC_76fff.dir/CheckSymbolExists.c.o   -c /home/john/lyy_ws/build/CMakeFiles/CMakeTmp/CheckSymbolExists.c
Linking C executable cmTC_76fff
/usr/bin/cmake -E cmake_link_script CMakeFiles/cmTC_76fff.dir/link.txt --verbose=1
/usr/bin/cc       CMakeFiles/cmTC_76fff.dir/CheckSymbolExists.c.o  -o cmTC_76fff -rdynamic 
CMakeFiles/cmTC_76fff.dir/CheckSymbolExists.c.o：在函数‘main’中：
CheckSymbolExists.c:(.text+0x16)：对‘pthread_create’未定义的引用
collect2: error: ld returned 1 exit status
CMakeFiles/cmTC_76fff.dir/build.make:97: recipe for target 'cmTC_76fff' failed
make[1]: *** [cmTC_76fff] Error 1
make[1]: Leaving directory '/home/john/lyy_ws/build/CMakeFiles/CMakeTmp'
Makefile:126: recipe for target 'cmTC_76fff/fast' failed
make: *** [cmTC_76fff/fast] Error 2

File /home/john/lyy_ws/build/CMakeFiles/CMakeTmp/CheckSymbolExists.c:
/* */
#include <pthread.h>

int main(int argc, char** argv)
{
  (void)argv;
#ifndef pthread_create
  return ((int*)(&pthread_create))[argc];
#else
  (void)argc;
  return 0;
#endif
}

Determining if the function pthread_create exists in the pthreads failed with the following output:
Change Dir: /home/john/lyy_ws/build/CMakeFiles/CMakeTmp

Run Build Command:"/usr/bin/make" "cmTC_5fc3e/fast"
/usr/bin/make -f CMakeFiles/cmTC_5fc3e.dir/build.make CMakeFiles/cmTC_5fc3e.dir/build
make[1]: Entering directory '/home/john/lyy_ws/build/CMakeFiles/CMakeTmp'
Building C object CMakeFiles/cmTC_5fc3e.dir/CheckFunctionExists.c.o
/usr/bin/cc    -DCHECK_FUNCTION_EXISTS=pthread_create   -o CMakeFiles/cmTC_5fc3e.dir/CheckFunctionExists.c.o   -c /usr/share/cmake-3.5/Modules/CheckFunctionExists.c
Linking C executable cmTC_5fc3e
/usr/bin/cmake -E cmake_link_script CMakeFiles/cmTC_5fc3e.dir/link.txt --verbose=1
/usr/bin/cc   -DCHECK_FUNCTION_EXISTS=pthread_create    CMakeFiles/cmTC_5fc3e.dir/CheckFunctionExists.c.o  -o cmTC_5fc3e -rdynamic -lpthreads 
/usr/bin/ld: 找不到 -lpthreads
collect2: error: ld returned 1 exit status
CMakeFiles/cmTC_5fc3e.dir/build.make:97: recipe for target 'cmTC_5fc3e' failed
make[1]: *** [cmTC_5fc3e] Error 1
make[1]: Leaving directory '/home/john/lyy_ws/build/CMakeFiles/CMakeTmp'
Makefile:126: recipe for target 'cmTC_5fc3e/fast' failed
make: *** [cmTC_5fc3e/fast] Error 2


